JvmtiExport can_access_local_variables 0
JvmtiExport can_hotswap_or_post_breakpoint 0
JvmtiExport can_post_on_exceptions 0
# 546 ciObject found
ciMethod java/lang/Object <init> ()V 4097 1 789155 0 96
ciMethod java/lang/Object getClass ()Ljava/lang/Class; 2049 1 256 0 -1
ciMethod java/lang/Object hashCode ()I 2049 1 256 0 -1
ciMethod java/lang/Object equals (Ljava/lang/Object;)Z 2081 1 18368 0 -1
ciMethod java/lang/Object toString ()Ljava/lang/String; 0 0 24 0 -1
ciMethod java/lang/String equals (Ljava/lang/Object;)Z 4097 17937 5659 0 -1
ciMethod java/lang/String hashCode ()I 2809 32769 2418 0 288
ciMethod java/lang/String format (Ljava/lang/String;[Ljava/lang/Object;)Ljava/lang/String; 833 1 209 0 -1
ciMethod java/lang/Class isArray ()Z 2049 1 256 0 -1
ciMethod java/lang/Class getName ()Ljava/lang/String; 1609 1 116969 0 96
ciMethod java/lang/Class getName0 ()Ljava/lang/String; 2097 1 262 0 -1
ciMethod java/lang/Class getSuperclass ()Ljava/lang/Class; 2049 1 256 0 -1
ciMethod java/lang/Class getComponentType ()Ljava/lang/Class; 4113 1 514 0 -1
ciMethod java/lang/Class getModifiers ()I 3081 1 385 0 -1
ciMethod java/lang/Class getMethod (Ljava/lang/String;[Ljava/lang/Class;)Ljava/lang/reflect/Method; 1585 1 2770 21 0
ciMethod java/lang/Class getDeclaredMethods ()[Ljava/lang/reflect/Method; 1201 1 1546 0 -1
ciMethod java/lang/Class checkMemberAccess (ILjava/lang/Class;Z)V 2049 1 5377 0 -1
ciMethod java/lang/Class getMethod0 (Ljava/lang/String;[Ljava/lang/Class;Z)Ljava/lang/reflect/Method; 3089 1 5377 0 -1
ciMethod java/lang/Class argumentTypesToString ([Ljava/lang/Class;)Ljava/lang/String; 9 1 1335 0 -1
ciMethod java/lang/Class isEnum ()Z 273 1 339 0 0
ciMethod java/lang/Class getEnumConstantsShared ()[Ljava/lang/Object; 2049 1 3264 0 0
ciMethod java/lang/ref/Reference get ()Ljava/lang/Object; 2057 1 257 0 -1
ciMethod java/lang/ref/Reference <init> (Ljava/lang/Object;Ljava/lang/ref/ReferenceQueue;)V 2049 1 30092 0 96
ciMethod java/lang/ref/SoftReference <init> (Ljava/lang/Object;Ljava/lang/ref/ReferenceQueue;)V 2057 1 3593 0 0
ciMethod java/lang/ref/SoftReference get ()Ljava/lang/Object; 2057 1 28513 0 96
ciMethod java/lang/ref/WeakReference <init> (Ljava/lang/Object;Ljava/lang/ref/ReferenceQueue;)V 2049 1 8511 0 0
ciMethod java/lang/Thread currentThread ()Ljava/lang/Thread; 2049 1 256 0 -1
ciMethod java/lang/Thread interrupt ()V 0 0 2 0 -1
ciMethod java/util/Map get (Ljava/lang/Object;)Ljava/lang/Object; 0 0 1 0 -1
ciMethod java/util/Map put (Ljava/lang/Object;Ljava/lang/Object;)Ljava/lang/Object; 0 0 1 0 -1
ciMethod java/util/Map forEach (Ljava/util/function/BiConsumer;)V 641 2753 80 0 -1
ciMethod java/lang/reflect/AccessibleObject checkAccess (Ljava/lang/Class;Ljava/lang/Class;Ljava/lang/Object;I)V 25 1 3 0 -1
ciMethod java/lang/reflect/Method getName ()Ljava/lang/String; 1137 1 142 0 0
ciMethod java/lang/reflect/Method invoke (Ljava/lang/Object;[Ljava/lang/Object;)Ljava/lang/Object; 2065 1 5577 0 288
ciMethod java/lang/reflect/Method acquireMethodAccessor ()Lsun/reflect/MethodAccessor; 329 1 359 0 -1
ciMethod java/lang/reflect/Method getDefaultValue ()Ljava/lang/Object; 2065 1 5392 0 -1
ciMethod java/lang/reflect/Method getAnnotation (Ljava/lang/Class;)Ljava/lang/annotation/Annotation; 2081 1 10123 0 -1
ciMethod sun/reflect/MethodAccessor invoke (Ljava/lang/Object;[Ljava/lang/Object;)Ljava/lang/Object; 0 0 1 0 -1
ciMethod java/lang/annotation/Annotation annotationType ()Ljava/lang/Class; 0 0 1 0 -1
ciMethod java/lang/invoke/DirectMethodHandle internalMemberName (Ljava/lang/Object;)Ljava/lang/Object; 2049 1 26531 0 -1
ciMethod java/lang/StringBuilder <init> ()V 3273 1 67427 0 -1
ciMethod java/lang/StringBuilder append (Ljava/lang/String;)Ljava/lang/StringBuilder; 4097 1 217055 0 -1
ciMethod java/lang/StringBuilder toString ()Ljava/lang/String; 3401 1 78061 0 -1
ciMethod sun/misc/Unsafe compareAndSwapInt (Ljava/lang/Object;JII)Z 2049 1 256 0 -1
ciMethod java/security/AccessController doPrivileged (Ljava/security/PrivilegedAction;)Ljava/lang/Object; 2049 1 256 0 -1
ciMethod java/util/List isEmpty ()Z 0 0 1 0 -1
ciMethod java/util/List iterator ()Ljava/util/Iterator; 0 0 1 0 -1
ciMethod java/util/List add (Ljava/lang/Object;)Z 0 0 1 0 -1
ciMethod java/util/AbstractCollection <init> ()V 2705 1 96441 0 32
ciMethod java/util/AbstractCollection contains (Ljava/lang/Object;)Z 0 0 1 0 -1
ciMethod java/util/AbstractCollection add (Ljava/lang/Object;)Z 0 0 1 0 -1
ciMethod java/util/ArrayList <init> ()V 769 1 15434 0 -1
ciMethod java/util/ArrayList iterator ()Ljava/util/Iterator; 2049 1 6095 0 160
ciMethod java/util/ArrayList access$000 (Ljava/util/ArrayList;)I 2897 1 362 0 0
ciMethod java/util/Collections emptySet ()Ljava/util/Set; 1017 1 8358 0 -1
ciMethod java/util/Collections emptyList ()Ljava/util/List; 2049 1 3923 0 0
ciMethod java/util/Collections emptyMap ()Ljava/util/Map; 2017 1 3807 0 -1
ciMethod java/util/Collections singletonList (Ljava/lang/Object;)Ljava/util/List; 1321 1 165 0 -1
ciMethod java/util/Set size ()I 0 0 1 0 -1
ciMethod java/util/Set contains (Ljava/lang/Object;)Z 0 0 1 0 -1
ciMethod java/util/Set iterator ()Ljava/util/Iterator; 0 0 1 0 -1
ciMethod java/util/Set add (Ljava/lang/Object;)Z 0 0 1 0 -1
ciMethod java/util/AbstractSet <init> ()V 145 1 49811 0 32
ciMethod java/util/AbstractMap <init> ()V 1945 1 38044 0 0
ciMethod sun/misc/SharedSecrets getJavaLangAccess ()Lsun/misc/JavaLangAccess; 2073 1 14499 0 0
ciMethod sun/reflect/Reflection getCallerClass ()Ljava/lang/Class; 2049 1 256 0 -1
ciMethod sun/reflect/Reflection quickCheckMemberAccess (Ljava/lang/Class;I)Z 2049 1 9844 0 -1
ciMethod java/util/HashMap hash (Ljava/lang/Object;)I 4097 1 81726 0 160
ciMethod java/util/HashMap <init> ()V 377 1 29651 0 32
ciMethod java/util/HashMap getNode (ILjava/lang/Object;)Ljava/util/HashMap$Node; 4097 105 10813 0 544
ciMethod java/util/HashMap containsKey (Ljava/lang/Object;)Z 1529 1 10656 0 640
ciMethod java/util/HashMap put (Ljava/lang/Object;Ljava/lang/Object;)Ljava/lang/Object; 4097 1 20503 0 1312
ciMethod java/util/HashMap putVal (ILjava/lang/Object;Ljava/lang/Object;ZZ)Ljava/lang/Object; 4097 481 6704 0 0
ciMethod java/util/HashMap resize ()[Ljava/util/HashMap$Node; 281 10881 1112 0 -1
ciMethod java/util/HashMap treeifyBin ([Ljava/util/HashMap$Node;I)V 0 0 1 0 -1
ciMethod java/util/HashMap removeNode (ILjava/lang/Object;Ljava/lang/Object;ZZ)Ljava/util/HashMap$Node; 497 1 2131 0 -1
ciMethod java/util/HashMap newNode (ILjava/lang/Object;Ljava/lang/Object;Ljava/util/HashMap$Node;)Ljava/util/HashMap$Node; 2321 1 5446 0 -1
ciMethod java/util/HashMap afterNodeAccess (Ljava/util/HashMap$Node;)V 2065 1 705 0 -1
ciMethod java/util/HashMap afterNodeInsertion (Z)V 3073 1 1543 0 -1
ciMethod java/util/HashMap$Node <init> (ILjava/lang/Object;Ljava/lang/Object;Ljava/util/HashMap$Node;)V 4097 1 11255 0 0
ciMethod java/util/HashMap$Node getKey ()Ljava/lang/Object; 3401 1 425 0 0
ciMethod java/lang/Math max (II)I 2377 1 49548 0 -1
ciMethodData java/lang/Object <init> ()V 2 789160 orig 264 88 131 62 85 0 0 0 0 128 4 46 23 0 0 0 0 32 1 0 0 0 0 0 0 0 0 0 0 0 0 0 0 0 0 0 0 0 0 0 0 0 0 0 0 0 0 0 0 0 0 0 0 0 0 0 0 0 0 0 0 0 0 0 0 0 0 0 0 0 0 0 0 0 0 0 0 0 0 0 0 77 68 79 32 101 120 116 114 97 32 100 97 116 97 32 108 111 99 107 0 0 0 0 0 0 0 0 0 0 0 0 0 0 0 0 0 0 0 0 0 0 0 0 0 0 0 0 0 0 0 0 0 0 0 0 0 0 0 0 0 0 0 0 0 0 0 0 0 0 0 0 0 0 0 0 0 0 0 0 0 0 0 0 0 0 0 0 0 0 0 0 0 0 0 0 0 0 0 0 0 0 0 0 0 1 0 0 0 0 0 0 0 1 0 0 0 0 0 0 0 1 0 0 0 0 0 0 0 0 0 0 0 0 0 0 0 0 2 0 0 65 69 96 0 1 0 0 0 0 0 0 0 0 0 0 0 2 0 0 0 0 0 0 0 0 0 0 0 0 0 0 0 255 255 255 255 0 0 0 0 0 0 0 0 data 0 oops 0
ciMethod java/util/Iterator hasNext ()Z 0 0 1 0 -1
ciMethod java/util/Iterator next ()Ljava/lang/Object; 0 0 1 0 -1
ciMethod java/util/LinkedHashMap linkNodeLast (Ljava/util/LinkedHashMap$Entry;)V 4097 1 5809 0 0
ciMethod java/util/LinkedHashMap newNode (ILjava/lang/Object;Ljava/lang/Object;Ljava/util/HashMap$Node;)Ljava/util/HashMap$Node; 4097 1 5809 0 288
ciMethod java/util/LinkedHashMap afterNodeInsertion (Z)V 4097 1 6688 0 256
ciMethod java/util/LinkedHashMap afterNodeAccess (Ljava/util/HashMap$Node;)V 1 1 4462 0 0
ciMethod java/util/LinkedHashMap <init> ()V 2049 1 5029 0 0
ciMe